[debug] [2023-12-13T15:58:12.265Z] ----------------------------------------------------------------------
[debug] [2023-12-13T15:58:12.285Z] Command:       C:\Program Files\nodejs\node.exe C:\Users\krisn\AppData\Roaming\npm\node_modules\firebase-tools\lib\bin\firebase.js init
[debug] [2023-12-13T15:58:12.285Z] CLI Version:   12.9.1
[debug] [2023-12-13T15:58:12.285Z] Platform:      win32
[debug] [2023-12-13T15:58:12.286Z] Node Version:  v20.10.0
[debug] [2023-12-13T15:58:12.286Z] Time:          Wed Dec 13 2023 22:58:12 GMT+0700 (Western Indonesia Time)
[debug] [2023-12-13T15:58:12.286Z] ----------------------------------------------------------------------
[debug] 
[debug] [2023-12-13T15:58:12.290Z] >>> [apiv2][query] GET https://firebase-public.firebaseio.com/cli.json [none]
[debug] [2023-12-13T15:58:12.378Z] > command requires scopes: ["email","openid","https://www.googleapis.com/auth/cloudplatformprojects.readonly","https://www.googleapis.com/auth/firebase","https://www.googleapis.com/auth/cloud-platform"]
[debug] [2023-12-13T15:58:12.379Z] > authorizing via signed-in user (krisnastya21@gmail.com)
[info] 
     ######## #### ########  ######## ########     ###     ######  ########
     ##        ##  ##     ## ##       ##     ##  ##   ##  ##       ##
     ######    ##  ########  ######   ########  #########  ######  ######
     ##        ##  ##    ##  ##       ##     ## ##     ##       ## ##
     ##       #### ##     ## ######## ########  ##     ##  ######  ########

You're about to initialize a Firebase project in this directory:

  D:\PROJEKAN\web skripsi\skripsi-web-revisi

[debug] [2023-12-13T15:58:14.166Z] <<< [apiv2][status] GET https://firebase-public.firebaseio.com/cli.json 200
[debug] [2023-12-13T15:58:14.167Z] <<< [apiv2][body] GET https://firebase-public.firebaseio.com/cli.json {"cloudBuildErrorAfter":1594252800000,"cloudBuildWarnAfter":1590019200000,"defaultNode10After":1594252800000,"minVersion":"3.0.5","node8DeploysDisabledAfter":1613390400000,"node8RuntimeDisabledAfter":1615809600000,"node8WarnAfter":1600128000000}
[info] 
=== Project Setup
[info] 
[info] First, let's associate this project directory with a Firebase project.
[info] You can create multiple project aliases by running firebase use --add, 
[info] but for now we'll just set up a default project.
[info] 
[debug] [2023-12-13T15:58:28.185Z] > refreshing access token with scopes: []
[debug] [2023-12-13T15:58:28.186Z] >>> [apiv2][query] POST https://www.googleapis.com/oauth2/v3/token [none]
[debug] [2023-12-13T15:58:28.186Z] >>> [apiv2][body] POST https://www.googleapis.com/oauth2/v3/token [omitted]
[debug] [2023-12-13T15:58:29.366Z] <<< [apiv2][status] POST https://www.googleapis.com/oauth2/v3/token 200
[debug] [2023-12-13T15:58:29.367Z] <<< [apiv2][body] POST https://www.googleapis.com/oauth2/v3/token [omitted]
[debug] [2023-12-13T15:58:29.378Z] >>> [apiv2][query] GET https://firebase.googleapis.com/v1beta1/projects pageSize=100
[debug] [2023-12-13T15:58:34.084Z] <<< [apiv2][status] GET https://firebase.googleapis.com/v1beta1/projects 200
[debug] [2023-12-13T15:58:34.084Z] <<< [apiv2][body] GET https://firebase.googleapis.com/v1beta1/projects [omitted]
[info] i  Using project smartlamp-website (smartlamp-website) 
[info] 
=== Hosting Setup
[debug] [2023-12-13T15:58:42.933Z] >>> [apiv2][query] GET https://firebase.googleapis.com/v1beta1/projects/smartlamp-website [none]
[debug] [2023-12-13T15:58:43.443Z] <<< [apiv2][status] GET https://firebase.googleapis.com/v1beta1/projects/smartlamp-website 200
[debug] [2023-12-13T15:58:43.443Z] <<< [apiv2][body] GET https://firebase.googleapis.com/v1beta1/projects/smartlamp-website {"projectId":"smartlamp-website","projectNumber":"796991237695","displayName":"smartlamp-website","name":"projects/smartlamp-website","resources":{"hostingSite":"smartlamp-website"},"state":"ACTIVE","etag":"1_251c0d97-4205-41fc-bc6e-608bb1397fc6"}
[info] 
[info] Your public directory is the folder (relative to your project directory) that
[info] will contain Hosting assets to be uploaded with firebase deploy. If you
[info] have a build process for your assets, use your build's output directory.
[info] 
[debug] [2023-12-13T15:59:04.122Z] >>> [apiv2][query] GET https://www.gstatic.com/firebasejs/releases.json [none]
[debug] [2023-12-13T15:59:08.312Z] <<< [apiv2][status] GET https://www.gstatic.com/firebasejs/releases.json 200
[debug] [2023-12-13T15:59:08.312Z] <<< [apiv2][body] GET https://www.gstatic.com/firebasejs/releases.json {"current":{"version":"10.7.1","browserURL":"https://www.gstatic.com/firebasejs/10.7.1/firebase.js","packageURL":"https://www.gstatic.com/firebasejs/10.7.1/firebase.tgz"},"live":{"version":"10.7","browserURL":"https://www.gstatic.com/firebasejs/live/10.7/firebase.js","packageURL":"https://www.gstatic.com/firebasejs/live/10.7/firebase.tgz"},"components":{"analytics":"https://www.gstatic.com/firebasejs/10.7.1/firebase-analytics.js","app":"https://www.gstatic.com/firebasejs/10.7.1/firebase-app.js","app-check":"https://www.gstatic.com/firebasejs/10.7.1/firebase-app-check.js","auth":"https://www.gstatic.com/firebasejs/10.7.1/firebase-auth.js","auth/cordova":"https://www.gstatic.com/firebasejs/10.7.1/firebase-auth/cordova.js","functions":"https://www.gstatic.com/firebasejs/10.7.1/firebase-functions.js","firestore":"https://www.gstatic.com/firebasejs/10.7.1/firebase-firestore.js","firestore/lite":"https://www.gstatic.com/firebasejs/10.7.1/firebase-firestore/lite.js","installations":"https://www.gstatic.com/firebasejs/10.7.1/firebase-installations.js","storage":"https://www.gstatic.com/firebasejs/10.7.1/firebase-storage.js","performance":"https://www.gstatic.com/firebasejs/10.7.1/firebase-performance.js","remote-config":"https://www.gstatic.com/firebasejs/10.7.1/firebase-remote-config.js","messaging":"https://www.gstatic.com/firebasejs/10.7.1/firebase-messaging.js","messaging/sw":"https://www.gstatic.com/firebasejs/10.7.1/firebase-messaging/sw.js","database":"https://www.gstatic.com/firebasejs/10.7.1/firebase-database.js","firestore.memory":"https://www.gstatic.com/firebasejs/10.7.1/firebase-firestore.memory.js"}}
[info] +  Wrote public/index.html 
[info] 
[info] i  Didn't detect a .git folder. Assuming D:\PROJEKAN\web skripsi\skripsi-web-revisi is the project root. 
[info] i  Authorizing with GitHub to upload your service account to a GitHub repository's secrets store. 
[info] 
[info] Visit this URL on this device to log in:
[info] https://github.com/login/oauth/authorize?client_id=89cf50f02ac6aaed3484&state=227945008&redirect_uri=http%3A%2F%2Flocalhost%3A9005&scope=read%3Auser%20repo%20public_repo
[info] 
[info] Waiting for authentication...
[debug] [2023-12-13T15:59:09.205Z] >>> [apiv2][query] POST https://github.com/login/oauth/access_token [none]
[debug] [2023-12-13T15:59:09.205Z] >>> [apiv2][body] POST https://github.com/login/oauth/access_token [stream]
[debug] [2023-12-13T15:59:10.793Z] <<< [apiv2][status] POST https://github.com/login/oauth/access_token 200
[debug] [2023-12-13T15:59:10.793Z] <<< [apiv2][body] POST https://github.com/login/oauth/access_token {"access_token":"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","token_type":"bearer","scope":"read:user,repo"}
[debug] [2023-12-13T15:59:10.802Z] >>> [apiv2][query] GET https://api.github.com/user [none]
[debug] [2023-12-13T15:59:15.352Z] <<< [apiv2][status] GET https://api.github.com/user 200
[debug] [2023-12-13T15:59:15.352Z] <<< [apiv2][body] GET https://api.github.com/user {"login":"kisnak21","id":64366825,"node_id":"MDQ6VXNlcjY0MzY2ODI1","avatar_url":"https://avatars.githubusercontent.com/u/64366825?v=4","gravatar_id":"","url":"https://api.github.com/users/kisnak21","html_url":"https://github.com/kisnak21","followers_url":"https://api.github.com/users/kisnak21/followers","following_url":"https://api.github.com/users/kisnak21/following{/other_user}","gists_url":"https://api.github.com/users/kisnak21/gists{/gist_id}","starred_url":"https://api.github.com/users/kisnak21/starred{/owner}{/repo}","subscriptions_url":"https://api.github.com/users/kisnak21/subscriptions","organizations_url":"https://api.github.com/users/kisnak21/orgs","repos_url":"https://api.github.com/users/kisnak21/repos","events_url":"https://api.github.com/users/kisnak21/events{/privacy}","received_events_url":"https://api.github.com/users/kisnak21/received_events","type":"User","site_admin":false,"name":"Kresna Satya Nugroho","company":"Universitas Tanjungpura","blog":"kisnaknugroho.my.id","location":"Pontianak, Kalimantan Barat, Indonesia","email":null,"hireable":null,"bio":"Front-End Dev | Computer System Engineering Student","twitter_username":null,"public_repos":24,"public_gists":0,"followers":8,"following":12,"created_at":"2020-04-26T14:58:52Z","updated_at":"2023-12-01T15:17:46Z","private_gists":0,"total_private_repos":6,"owned_private_repos":6,"disk_usage":131967,"collaborators":0,"two_factor_authentication":true,"plan":{"name":"free","space":976562499,"collaborators":0,"private_repos":10000}}
[info] 
[info] +  Success! Logged into GitHub as kisnak21 
[info] 
